2024-06-23 14:28:26,012 - discord.client - WARNING - PyNaCl is not installed, voice will NOT be supported
2024-06-23 14:28:26,012 - discord.client - DEBUG - on_ready has successfully been registered as an event
2024-06-23 14:28:26,013 - discord.client - DEBUG - on_message has successfully been registered as an event
2024-06-23 14:28:26,014 - asyncio - DEBUG - Using proactor: IocpProactor
2024-06-23 14:28:26,015 - discord.client - INFO - logging in using static token
2024-06-23 14:28:26,387 - discord.http - DEBUG - GET https://discord.com/api/v10/users/@me with None has returned 200
2024-06-23 14:28:26,388 - discord.http - DEBUG - GET /users/@me has found its initial rate limit bucket hash (78bb8553d9352a5a2f89f9def401287a).
2024-06-23 14:28:26,388 - discord.http - DEBUG - GET https://discord.com/api/v10/users/@me has received {'id': '1254023047724142645', 'username': 'MVP bot ni Lui', 'avatar': None, 'discriminator': '4771', 'public_flags': 0, 'flags': 0, 'bot': True, 'banner': None, 'accent_color': None, 'global_name': None, 'avatar_decoration_data': None, 'banner_color': None, 'clan': None, 'mfa_enabled': False, 'locale': 'en-US', 'premium_type': 0, 'email': None, 'verified': True, 'bio': ''}
2024-06-23 14:28:26,718 - discord.http - DEBUG - GET https://discord.com/api/v10/oauth2/applications/@me with None has returned 200
2024-06-23 14:28:26,718 - discord.http - DEBUG - GET /oauth2/applications/@me has found its initial rate limit bucket hash (d28a133af187e91d71d96a223467ce49).
2024-06-23 14:28:26,718 - discord.http - DEBUG - GET https://discord.com/api/v10/oauth2/applications/@me has received {'id': '1254023047724142645', 'name': 'M V P', 'icon': None, 'description': '- name and description work in progress', 'type': None, 'bot': {'id': '1254023047724142645', 'username': 'MVP bot ni Lui', 'avatar': None, 'discriminator': '4771', 'public_flags': 0, 'flags': 0, 'bot': True, 'banner': None, 'accent_color': None, 'global_name': None, 'avatar_decoration_data': None, 'banner_color': None, 'clan': None}, 'summary': '', 'is_monetized': False, 'bot_public': True, 'bot_require_code_grant': False, 'integration_types_config': {'0': {}}, 'verify_key': 'afa0157ed5eef45b242cda5678fd25ffd2f12ca03edba4b80b51fdba1365aca5', 'flags': 524288, 'tags': ['timer', 'chatbot', 'tools', 'ragnarokonline'], 'hook': True, 'storefront_available': False, 'redirect_uris': ['https://discord.com/oauth2/authorize?client_id=1254023047724142645&permissions=1166566805207104&integration_type=0&scope=bot'], 'interactions_endpoint_url': None, 'role_connections_verification_url': None, 'owner': {'id': '433301870056964098', 'username': 'azzulian', 'avatar': 'a17fd7854c187b84b48083d674b21e73', 'discriminator': '0', 'public_flags': 0, 'flags': 0, 'banner': None, 'accent_color': 1184464, 'global_name': 'Azzulian', 'avatar_decoration_data': None, 'banner_color': '#1212d0', 'clan': None}, 'approximate_guild_count': 1, 'interactions_event_types': [], 'interactions_version': 1, 'explicit_content_filter': 0, 'rpc_application_state': 0, 'store_application_state': 1, 'verification_state': 1, 'integration_public': True, 'integration_require_code_grant': False, 'discoverability_state': 1, 'discovery_eligibility_flags': 198, 'monetization_state': 1, 'verification_eligibility_flags': 90396, 'monetization_eligibility_flags': 181988, 'team': None, 'internal_guild_restriction': 2}
2024-06-23 14:28:27,032 - discord.gateway - DEBUG - Created websocket connected to wss://gateway.discord.gg/
2024-06-23 14:28:27,033 - discord.gateway - DEBUG - For Shard ID None: WebSocket Event: {'t': None, 's': None, 'op': 10, 'd': {'heartbeat_interval': 41250, '_trace': ['["gateway-prd-us-east1-b-v909",{"micros":0.0}]']}}
2024-06-23 14:28:27,034 - discord.gateway - DEBUG - Shard ID None has sent the IDENTIFY payload.
2024-06-23 14:28:27,263 - discord.gateway - DEBUG - For Shard ID None: WebSocket Event: {'t': None, 's': None, 'op': 11, 'd': None}
2024-06-23 14:28:27,367 - discord.gateway - DEBUG - For Shard ID None: WebSocket Event: {'t': 'READY', 's': 1, 'op': 0, 'd': {'v': 10, 'user_settings': {}, 'user': {'verified': True, 'username': 'MVP bot ni Lui', 'mfa_enabled': False, 'id': '1254023047724142645', 'global_name': None, 'flags': 0, 'email': None, 'discriminator': '4771', 'clan': None, 'bot': True, 'avatar': None}, 'session_type': 'normal', 'session_id': '2b59f13fa22d4f502c1f1af00e8a55d7', 'resume_gateway_url': 'wss://gateway-us-east1-b.discord.gg', 'relationships': [], 'private_channels': [], 'presences': [], 'guilds': [{'unavailable': True, 'id': '992043137218396262'}], 'guild_join_requests': [], 'geo_ordered_rtc_regions': ['hongkong', 'singapore', 'japan', 'india', 'sydney'], 'auth': {}, 'application': {'id': '1254023047724142645', 'flags': 524288}, '_trace': ['["gateway-prd-us-east1-b-v909",{"micros":105806,"calls":["id_created",{"micros":639,"calls":[]},"session_lookup_time",{"micros":247,"calls":[]},"session_lookup_finished",{"micros":16,"calls":[]},"discord-sessions-prd-1-184",{"micros":104419,"calls":["start_session",{"micros":40339,"calls":["discord-api-rpc-6dd4c5ff9-w86xn",{"micros":36285,"calls":["get_user",{"micros":4833},"get_guilds",{"micros":2740},"send_scheduled_deletion_message",{"micros":8},"guild_join_requests",{"micros":1},"authorized_ip_coro",{"micros":8}]}]},"starting_guild_connect",{"micros":58,"calls":[]},"presence_started",{"micros":16035,"calls":[]},"guilds_started",{"micros":68,"calls":[]},"guilds_connect",{"micros":1,"calls":[]},"presence_connect",{"micros":47868,"calls":[]},"connect_finished",{"micros":47873,"calls":[]},"build_ready",{"micros":18,"calls":[]},"clean_ready",{"micros":22,"calls":[]},"optimize_ready",{"micros":0,"calls":[]},"split_ready",{"micros":1,"calls":[]}]}]}]']}}
2024-06-23 14:28:27,368 - discord.client - DEBUG - Dispatching event socket_event_type
2024-06-23 14:28:27,369 - discord.gateway - INFO - Shard ID None has connected to Gateway (Session ID: 2b59f13fa22d4f502c1f1af00e8a55d7).
2024-06-23 14:28:27,370 - discord.client - DEBUG - Dispatching event connect
2024-06-23 14:28:27,426 - discord.client - DEBUG - Dispatching event socket_event_type
2024-06-23 14:28:27,426 - discord.client - DEBUG - Dispatching event guild_available
2024-06-23 14:28:29,428 - discord.client - DEBUG - Dispatching event ready
2024-06-23 14:28:29,738 - discord.gateway - DEBUG - For Shard ID None: WebSocket Event: {'t': 'MESSAGE_CREATE', 's': 3, 'op': 0, 'd': {'type': 0, 'tts': False, 'timestamp': '2024-06-23T06:28:30.861000+00:00', 'pinned': False, 'mentions': [], 'mention_roles': [], 'mention_everyone': False, 'member': {'roles': ['1254264360080113730'], 'premium_since': None, 'pending': False, 'nick': None, 'mute': False, 'joined_at': '2024-06-23T02:38:46.633226+00:00', 'flags': 1, 'deaf': False, 'communication_disabled_until': None, 'avatar': None}, 'id': '1254322175679397982', 'flags': 0, 'embeds': [], 'edited_timestamp': None, 'content': 'Hello! I am RAGNAROK-HUNTER, your MVP timer bot.', 'components': [], 'channel_id': '1254288471586242603', 'author': {'username': 'MVP bot ni Lui', 'public_flags': 0, 'id': '1254023047724142645', 'global_name': None, 'discriminator': '4771', 'clan': None, 'bot': True, 'avatar_decoration_data': None, 'avatar': None}, 'attachments': [], 'guild_id': '992043137218396262'}}
2024-06-23 14:28:29,739 - discord.client - DEBUG - Dispatching event socket_event_type
2024-06-23 14:28:29,739 - discord.client - DEBUG - Dispatching event message
2024-06-23 14:28:29,762 - discord.http - DEBUG - POST https://discord.com/api/v10/channels/1254288471586242603/messages with {"content":"Hello! I am RAGNAROK-HUNTER, your MVP timer bot.","components":[],"tts":false} has returned 200
2024-06-23 14:28:29,762 - discord.http - DEBUG - POST /channels/{channel_id}/messages has found its initial rate limit bucket hash (3df15bae86f6647dd4dfcbd5c6949480).
2024-06-23 14:28:29,763 - discord.http - DEBUG - POST https://discord.com/api/v10/channels/1254288471586242603/messages has received {'type': 0, 'channel_id': '1254288471586242603', 'content': 'Hello! I am RAGNAROK-HUNTER, your MVP timer bot.', 'attachments': [], 'embeds': [], 'timestamp': '2024-06-23T06:28:30.861000+00:00', 'edited_timestamp': None, 'flags': 0, 'components': [], 'id': '1254322175679397982', 'author': {'id': '1254023047724142645', 'username': 'MVP bot ni Lui', 'avatar': None, 'discriminator': '4771', 'public_flags': 0, 'flags': 0, 'bot': True, 'banner': None, 'accent_color': None, 'global_name': None, 'avatar_decoration_data': None, 'banner_color': None, 'clan': None}, 'mentions': [], 'mention_roles': [], 'pinned': False, 'mention_everyone': False, 'tts': False}
2024-06-23 14:28:50,308 - discord.gateway - DEBUG - For Shard ID None: WebSocket Event: {'t': 'TYPING_START', 's': 4, 'op': 0, 'd': {'user_id': '433301870056964098', 'timestamp': 1719124131, 'member': {'user': {'username': 'azzulian', 'public_flags': 0, 'id': '433301870056964098', 'global_name': 'Azzulian', 'display_name': 'Azzulian', 'discriminator': '0', 'clan': None, 'bot': False, 'avatar_decoration_data': None, 'avatar': 'a17fd7854c187b84b48083d674b21e73'}, 'roles': ['1008557929684799538', '1019787700334759946', '1079664526875709490'], 'premium_since': None, 'pending': False, 'nick': 'Azzulian: REBIRTH', 'mute': False, 'joined_at': '2022-06-30T12:34:13.377000+00:00', 'flags': 0, 'deaf': False, 'communication_disabled_until': None, 'avatar': None}, 'channel_id': '1254288471586242603', 'guild_id': '992043137218396262'}}
2024-06-23 14:28:50,309 - discord.client - DEBUG - Dispatching event socket_event_type
2024-06-23 14:28:50,311 - discord.client - DEBUG - Dispatching event typing
2024-06-23 14:28:50,312 - discord.client - DEBUG - Dispatching event raw_typing
2024-06-23 14:28:50,350 - discord.gateway - DEBUG - For Shard ID None: WebSocket Event: {'t': 'MESSAGE_CREATE', 's': 5, 'op': 0, 'd': {'type': 0, 'tts': False, 'timestamp': '2024-06-23T06:28:51.394000+00:00', 'pinned': False, 'nonce': '1254322256096526336', 'mentions': [], 'mention_roles': [], 'mention_everyone': False, 'member': {'roles': ['1008557929684799538', '1019787700334759946', '1079664526875709490'], 'premium_since': None, 'pending': False, 'nick': 'Azzulian: REBIRTH', 'mute': False, 'joined_at': '2022-06-30T12:34:13.377000+00:00', 'flags': 0, 'deaf': False, 'communication_disabled_until': None, 'avatar': None}, 'id': '1254322261801041993', 'flags': 0, 'embeds': [], 'edited_timestamp': None, 'content': '-mvp sched', 'components': [], 'channel_id': '1254288471586242603', 'author': {'username': 'azzulian', 'public_flags': 0, 'id': '433301870056964098', 'global_name': 'Azzulian', 'discriminator': '0', 'clan': None, 'avatar_decoration_data': None, 'avatar': 'a17fd7854c187b84b48083d674b21e73'}, 'attachments': [], 'guild_id': '992043137218396262'}}
2024-06-23 14:28:50,351 - discord.client - DEBUG - Dispatching event socket_event_type
2024-06-23 14:28:50,351 - discord.client - DEBUG - Dispatching event message
2024-06-23 14:28:50,352 - responses - ERROR - Error processing response
Traceback (most recent call last):
  File "c:\Users\azzul\OneDrive\Desktop\AstralRoMVPBot\responses.py", line 168, in get_response
    mvp_data = read_mvp_data(MVP_DATA_FILE)
NameError: name 'read_mvp_data' is not defined
2024-06-23 14:28:50,724 - discord.gateway - DEBUG - For Shard ID None: WebSocket Event: {'t': 'MESSAGE_CREATE', 's': 6, 'op': 0, 'd': {'type': 0, 'tts': False, 'timestamp': '2024-06-23T06:28:51.811000+00:00', 'pinned': False, 'mentions': [], 'mention_roles': [], 'mention_everyone': False, 'member': {'roles': ['1254264360080113730'], 'premium_since': None, 'pending': False, 'nick': None, 'mute': False, 'joined_at': '2024-06-23T02:38:46.633226+00:00', 'flags': 1, 'deaf': False, 'communication_disabled_until': None, 'avatar': None}, 'id': '1254322263550066741', 'flags': 0, 'embeds': [], 'edited_timestamp': None, 'content': "An error occurred: name 'read_mvp_data' is not defined", 'components': [], 'channel_id': '1254288471586242603', 'author': {'username': 'MVP bot ni Lui', 'public_flags': 0, 'id': '1254023047724142645', 'global_name': None, 'discriminator': '4771', 'clan': None, 'bot': True, 'avatar_decoration_data': None, 'avatar': None}, 'attachments': [], 'guild_id': '992043137218396262'}}
2024-06-23 14:28:50,724 - discord.client - DEBUG - Dispatching event socket_event_type
2024-06-23 14:28:50,725 - discord.client - DEBUG - Dispatching event message
2024-06-23 14:28:50,737 - discord.http - DEBUG - POST https://discord.com/api/v10/channels/1254288471586242603/messages with {"content":"An error occurred: name 'read_mvp_data' is not defined","components":[],"tts":false} has returned 200
2024-06-23 14:28:50,737 - discord.http - DEBUG - POST https://discord.com/api/v10/channels/1254288471586242603/messages has received {'type': 0, 'channel_id': '1254288471586242603', 'content': "An error occurred: name 'read_mvp_data' is not defined", 'attachments': [], 'embeds': [], 'timestamp': '2024-06-23T06:28:51.811000+00:00', 'edited_timestamp': None, 'flags': 0, 'components': [], 'id': '1254322263550066741', 'author': {'id': '1254023047724142645', 'username': 'MVP bot ni Lui', 'avatar': None, 'discriminator': '4771', 'public_flags': 0, 'flags': 0, 'bot': True, 'banner': None, 'accent_color': None, 'global_name': None, 'avatar_decoration_data': None, 'banner_color': None, 'clan': None}, 'mentions': [], 'mention_roles': [], 'pinned': False, 'mention_everyone': False, 'tts': False}
2024-06-23 14:29:08,288 - discord.gateway - DEBUG - Keeping shard ID None websocket alive with sequence 6.
2024-06-23 14:29:08,510 - discord.gateway - DEBUG - For Shard ID None: WebSocket Event: {'t': None, 's': None, 'op': 11, 'd': None}
